<?xml version="1.0" encoding="UTF-8"?>
<!-- Generated by org.testng.reporters.JUnitReportReporter -->
<testsuite skipped="0" hostname="DESKTOP-K8UT9FC" name="com.TicFramework.matalan.testScripts.customerTest.Testano" tests="2" failures="0" timestamp="21 Nov 2018 09:17:35 GMT" time="0.006" errors="0">
  <testcase name="Test2" time="0.001" classname="com.TicFramework.matalan.testScripts.customerTest.Testano"/>
  <testcase name="Test1" time="0.005" classname="com.TicFramework.matalan.testScripts.customerTest.Testano"/>
</testsuite> <!-- com.TicFramework.matalan.testScripts.customerTest.Testano -->
