<?xml version="1.0" encoding="UTF-8"?>
<!-- Generated by org.testng.reporters.JUnitReportReporter -->
<testsuite skipped="0" hostname="DESKTOP-K8UT9FC" name="com.TicFramework.matalan.testScripts.customerTest.NewOrder_Test" tests="1" failures="0" timestamp="17 Dec 2018 06:39:10 GMT" time="31.786" errors="0">
  <testcase name="NewOrderTest" time="31.786" classname="com.TicFramework.matalan.testScripts.customerTest.NewOrder_Test"/>
</testsuite> <!-- com.TicFramework.matalan.testScripts.customerTest.NewOrder_Test -->
