<?xml version="1.0" encoding="UTF-8"?>
<!-- Generated by org.testng.reporters.JUnitReportReporter -->
<testsuite skipped="0" hostname="DESKTOP-K8UT9FC" name="com.TicFramework.matalan.testScripts.customerTest.CustomerLoginTest" tests="1" failures="0" timestamp="17 Dec 2018 05:29:12 GMT" time="16.343" errors="0">
  <testcase name="LoginToApplicationTest" time="16.343" classname="com.TicFramework.matalan.testScripts.customerTest.CustomerLoginTest"/>
</testsuite> <!-- com.TicFramework.matalan.testScripts.customerTest.CustomerLoginTest -->
